Arguments: 
  C:\Program Files (x86)\nodejs\node.exe C:\Users\wladi\AppData\Roaming\npm\node_modules\yarn\bin\yarn.js c

PATH: 
  C:\Python310\Scripts\;C:\Python310\;C:\windows\system32;C:\windows;C:\windows\System32\Wbem;C:\windows\System32\WindowsPowerShell\v1.0\;C:\windows\System32\OpenSSH\;C:\Program Files (x86)\NVIDIA Corporation\PhysX\Common;C:\Program Files\NVIDIA Corporation\NVIDIA NvDLISR;C:\git-sdk-64\cmd;;C:\Program Files (x86)\nodejs\;C:\ProgramData\chocolatey\bin;;C:\Program Files\Docker\Docker\resources\bin;C:\ProgramData\DockerDesktop\version-bin;C:\Users\wladi\AppData\Local\Programs\Python\Python39\Scripts\;C:\Users\wladi\AppData\Local\Programs\Python\Python39\;C:\Users\wladi\AppData\Local\Microsoft\WindowsApps;C:\Users\wladi\AppData\Local\Programs\Microsoft VS Code\bin;C:\Users\wladi\AppData\Local\GitHubDesktop\bin;C:\Program Files\JetBrains\PyCharm Community Edition 2020.3.5\bin;C:\Users\wladi\AppData\Roaming\Python\Python39\Scripts;C:\Users\wladi\.local\bin;C:\Program Files (x86)\Vim\vim82;C:\Users\wladi\Documents\GitHub\Walodja1987\web3-boilerplate\node_modules\solc;C:\Users\wladi\AppData\Roaming\npm

Yarn version: 
  1.22.17

Node version: 
  16.13.0

Platform: 
  win32 ia32

Trace: 
  SyntaxError: C:\Users\wladi\Documents\GitHub\DIVA\whitelist\package.json: Unexpected token } in JSON at position 219
      at JSON.parse (<anonymous>)
      at C:\Users\wladi\AppData\Roaming\npm\node_modules\yarn\lib\cli.js:1625:59
      at Generator.next (<anonymous>)
      at step (C:\Users\wladi\AppData\Roaming\npm\node_modules\yarn\lib\cli.js:310:30)
      at C:\Users\wladi\AppData\Roaming\npm\node_modules\yarn\lib\cli.js:321:13

npm manifest: 
  {
    "name": "whitelist",
    "version": "1.0.0",
    "description": "",
    "main": "index.js",
    "scripts": {
      "sh": "solhint -f table contracts/**/*.sol",
      "t": "yarn hardhat test",
      "c": "yarn hardhat compile",
    },
    "repository": {
      "type": "git",
      "url": "git+https://github.com/divaprotocol/whitelist.git"
    },
    "author": "",
    "license": "ISC",
    "bugs": {
      "url": "https://github.com/divaprotocol/whitelist/issues"
    },
    "homepage": "https://github.com/divaprotocol/whitelist#readme",
    "devDependencies": {
      "@nomiclabs/hardhat-ethers": "^2.0.2",
      "@nomiclabs/hardhat-waffle": "^2.0.1",
      "chai": "^4.3.4",
      "ethereum-waffle": "^3.4.0",
      "ethers": "^5.4.5",
      "hardhat": "^2.7.0"
    },
    "dependencies": {
      "@openzeppelin/contracts": "^4.4.0",
      "dotenv": "^10.0.0",
      "hardhat-gas-reporter": "^1.0.4"
    }
  }

yarn manifest: 
  No manifest

Lockfile: 
  No lockfile
